2017-11-19 13:58:09|Request||||0
2017-11-19 13:58:09|Request_reply||Welcome to Ashesimoney mobile services
1.Send Money
2.Pay bill
3. Exit||1
2017-11-19 14:02:25|Request||||0
2017-11-19 14:02:25|Request_reply||Welcome to Ashesimoney mobile services
1.Send Money
2.Pay bill
3. Exit||1
2017-11-19 14:03:23|Request|233503896033|0|0|0
2017-11-19 14:03:23|Request_reply|233503896033|Welcome to Ashesimoney mobile services
1.Send Money
2.Pay bill
3. Exit|0|1
2017-11-19 14:03:43|Request|233503896033|0|1|1
2017-11-19 14:03:43|Request_reply|233503896033|Enter recepient's number|0|0
2017-11-19 14:03:54|Request|233503896033|0|0540677674|2
2017-11-19 14:03:54|Request_reply|233503896033|Enter Amount|0|1
2017-11-19 14:04:04|Request|233503896033|0|2000|2
2017-11-19 14:04:04|Request_reply|233503896033|Invalid Option Selected|0|0
2017-11-19 14:07:19|Request|233503896033|0|20|0
2017-11-19 14:07:19|Request_reply|233503896033|Welcome to Ashesimoney mobile services
1.Send Money
2.Pay bill
3. Exit|0|1
2017-11-19 14:07:39|Request|233503896033|0|1|1
2017-11-19 14:07:39|Request_reply|233503896033|Enter recepient's number|0|0
2017-11-19 14:07:56|Request|233503896033|0|1|2
2017-11-19 14:07:56|Request_reply|233503896033|Invalid Option Selected|0|0
2017-11-19 14:08:17|Request|233503896033|0|1|0
2017-11-19 14:08:17|Request_reply|233503896033|Welcome to Ashesimoney mobile services
1.Send Money
2.Pay bill
3. Exit|0|1
2017-11-19 14:08:32|Request|233503896033|1|1|1
2017-11-19 14:08:32|Request_reply|233503896033|Enter recepient's number|1|0
2017-11-19 14:09:04|Request|233503896033|1|0545234343|2
2017-11-19 14:09:04|Request_reply|233503896033|Enter Amount|1|1
2017-11-19 14:09:31|Request|233503896033|1|20|2
2017-11-19 14:09:31|Request_reply|233503896033|Invalid Option Selected|1|0
2017-11-19 14:12:42|Request|233503896033|0|0|0
2017-11-19 14:12:42|Request_reply|233503896033|Welcome to Ashesimoney mobile services
1.Send Money
2.Pay bill
3. Exit|0|1
2017-11-19 14:13:04|Request|233503896033|1|1|1
2017-11-19 14:13:04|Request_reply|233503896033|Enter recepient's number|1|0
2017-11-19 14:13:28|Request|233503896033|1|0234567890|2
2017-11-19 14:13:28|Request_reply|233503896033|Enter Amount|1|1
2017-11-19 14:13:49|Request|233503896033|1|120|2
2017-11-19 14:13:49|Request_reply|233503896033|Invalid Option Selected|1|0
2017-11-19 14:16:47|Request|233503896033|0|0|0
2017-11-19 14:16:47|Request_reply|233503896033|Welcome to Ashesimoney mobile services
1.Send Money
2.Pay bill
3. Exit|0|1
2017-11-19 14:17:08|Request|233503896033|0|1|1
2017-11-19 14:17:08|Request_reply|233503896033|Enter recepient's number|0|0
2017-11-19 14:17:26|Request|233503896033|0|0540677674|2
2017-11-19 14:17:26|Request_reply|233503896033|Enter Amount|0|1
2017-11-19 14:20:09|Request|233503896033|0|0|2
2017-11-19 14:20:09|Request_reply|233503896033|Invalid Option Selected|0|0
2017-11-19 14:20:24|Request|233503896033|0|1|0
2017-11-19 14:20:24|Request_reply|233503896033|Welcome to Ashesimoney mobile services
1.Send Money
2.Pay bill
3. Exit|0|1
2017-11-19 14:20:37|Request|233503896033|1|1|1
2017-11-19 14:20:37|Request_reply|233503896033|Enter recepient's number|1|0
2017-11-19 14:20:58|Request|233503896033|1|0567898765|2
2017-11-19 14:20:58|Request_reply|233503896033|Enter Amount|1|1
2017-11-19 14:21:23|Request|233503896033|1|456|3
2017-11-19 14:21:23|Request_reply|233503896033|Enter1.To confirm 
2.Cancel|1|1
2017-11-19 14:22:01|Request|233503896033|1|1|4
2017-11-19 14:22:01|Request_reply|233503896033|completed|1|0
2017-11-19 15:31:03|Request||||0
2017-11-19 15:31:03|Request_reply||Welcome to Ashesimoney mobile services
1.Send Money
2.Pay bill
3. Exit||1
2017-11-19 15:31:25|Request|233503896033|0|1|4
2017-11-19 15:31:25|Request_reply|233503896033|Transaction completed|0|0
2017-11-19 15:31:42|Request|233503896033|2|1|4
2017-11-19 15:31:42|Request_reply|233503896033|Transaction completed|2|0
2017-11-19 15:31:54|Request|233503896033|1|1|4
2017-11-19 15:31:54|Request_reply|233503896033|Transaction completed|1|0
2017-11-19 15:32:06|Request|233503896033|1|0|4
2017-11-19 15:32:06|Request_reply|233503896033|Invalid Option Selected|1|0
2017-11-19 15:32:17|Request|233503896033|0|0|0
2017-11-19 15:32:17|Request_reply|233503896033|Welcome to Ashesimoney mobile services
1.Send Money
2.Pay bill
3. Exit|0|1
2017-11-19 15:32:36|Request|233503896033|0|1|1
2017-11-19 15:32:36|Request_reply|233503896033|Enter recepient's number|0|0
2017-11-19 16:57:14|Request|233503896033|0|1|2
2017-11-19 16:57:14|Request_reply|233503896033|Invalid Option Selected|0|0
2017-11-19 16:57:18|Request|233503896033|0|1|0
2017-11-19 16:57:18|Request_reply|233503896033|Welcome to Ashesimoney mobile services
1.Send Money
2.Pay bill
3. Exit|0|1
2017-11-19 17:19:49|Request||||0
2017-11-19 17:19:49|Request_reply||Welcome to Ashesimoney mobile services
1.Send Money
2.Pay bill
3. Exit||1
2017-11-19 17:20:01|Request|233503896033|1|1|1
2017-11-19 17:20:01|Request_reply|233503896033|Enter recepient's number|1|0
2017-11-19 17:20:18|Request|233503896033|0|0|2
2017-11-19 17:20:18|Request_reply|233503896033|Invalid Option Selected|0|0
2017-11-19 17:20:32|Request|233503896033|1|1|0
2017-11-19 17:20:32|Request_reply|233503896033|Welcome to Ashesimoney mobile services
1.Send Money
2.Pay bill
3. Exit|1|1
2017-11-19 17:20:47|Request|233503896033|0|1|1
2017-11-19 17:20:47|Request_reply|233503896033|Enter recepient's number|0|0
2017-11-19 17:21:07|Request|233503896033|0|0234567890|2
2017-11-19 17:21:07|Request_reply|233503896033|Enter Amount|0|1
2017-11-19 17:21:21|Request|233503896033|0|300|3
2017-11-19 17:21:21|Request_reply|233503896033|1.To confirm 
2.Cancel|0|1
2017-11-19 17:21:30|Request|233503896033|0|1|4
2017-11-19 17:21:30|Request_reply|233503896033||0|
2017-11-19 17:30:30|Request|233503896033|0|1|4
2017-11-19 17:30:30|Request_reply|233503896033||0|
2017-11-19 17:30:42|Request|233503896033|0|1|4
2017-11-19 17:30:42|Request_reply|233503896033||0|
2017-11-19 17:30:53|Request|233503896033|0|1|4
2017-11-19 17:30:53|Request_reply|233503896033||0|
2017-11-19 17:36:32|Request|233503896033|0|1|4
2017-11-19 17:36:32|Request_reply|233503896033||0|
2017-11-19 17:38:01|Request|233503896033|0|1|4
2017-11-19 17:38:01|Request_reply|233503896033||0|
2017-11-19 17:42:35|Request|233503896033|0|0|0
2017-11-19 17:42:35|Request_reply|233503896033|Welcome to Ashesimoney mobile services
1.Send Money
2.Pay bill
3. Exit|0|1
2017-11-19 17:42:43|Request|233503896033|0|1|1
2017-11-19 17:42:43|Request_reply|233503896033|Enter recepient's number|0|0
2017-11-19 17:42:52|Request|233503896033|0|0270327467|2
2017-11-19 17:42:52|Request_reply|233503896033|Enter Amount|0|1
2017-11-19 17:42:56|Request|233503896033|0|1|3
2017-11-19 17:42:56|Request_reply|233503896033|1.To confirm 
2.Cancel|0|1
2017-11-19 17:43:00|Request|233503896033|0|1|4
2017-11-19 17:43:00|Request_reply|233503896033||0|
2017-11-19 17:45:07|Request|233503896033|0|1|4
2017-11-19 17:45:07|Request_reply|233503896033||0|
2017-11-19 17:47:02|Request|233503896033|0|1|4
2017-11-19 17:47:02|Request_reply|233503896033||0|
2017-11-19 17:48:00|Request|233503896033|0|1|4
2017-11-19 17:48:00|Request_reply|233503896033||0|
2017-11-19 17:53:22|Request|233503896033|0|1|4
2017-11-19 17:53:22|Request_reply|233503896033||0|
2017-11-19 17:53:31|Request|233503896033|0|1|4
2017-11-19 17:53:31|Request_reply|233503896033||0|
2017-11-19 17:53:40|Request|233503896033|0|1|4
2017-11-19 17:53:40|Request_reply|233503896033||0|
2017-11-19 17:54:01|Request|233503896033|0|1|4
2017-11-19 17:54:01|Request_reply|233503896033||0|
2017-11-19 17:56:59|Request|233503896033|0|1|4
2017-11-19 17:56:59|Request_reply|233503896033||0|
2017-11-19 18:03:13|Request|233503896033|0|1|4
2017-11-19 18:03:13|Request_reply|233503896033||0|
2017-11-19 18:03:51|Request|233503896033|0|1|4
2017-11-19 18:03:51|Request_reply|233503896033||0|
2017-11-19 18:11:31|Request|233503896033|0|1|4
2017-11-19 18:11:31|Request_reply|233503896033||0|
2017-11-19 18:13:55|Request|233503896033|0|1|4
2017-11-19 18:13:55|Request_reply|233503896033||0|
2017-11-19 18:14:28|Request|233270327467|0|1|0
2017-11-19 18:14:28|Request_reply|233270327467|Welcome to Ashesimoney mobile services
1.Send Money
2.Pay bill
3. Exit|0|1
2017-11-19 18:14:35|Request|233270327467|0|1|1
2017-11-19 18:14:35|Request_reply|233270327467|Enter recepient's number|0|0
2017-11-19 18:14:48|Request|233270327467|0|0270327467|2
2017-11-19 18:14:48|Request_reply|233270327467|Enter Amount|0|1
2017-11-19 18:14:54|Request|233270327467|0|1|3
2017-11-19 18:14:54|Request_reply|233270327467|1.To confirm 
2.Cancel|0|1
2017-11-19 18:14:59|Request|233270327467|0|1|4
2017-11-19 18:14:59|Request_reply|233270327467||0|
2017-11-19 18:15:48|Request|0270327467|0|1|0
2017-11-19 18:15:48|Request_reply|0270327467|Welcome to Ashesimoney mobile services
1.Send Money
2.Pay bill
3. Exit|0|1
2017-11-19 18:15:51|Request|0270327467|0|1|1
2017-11-19 18:15:51|Request_reply|0270327467|Enter recepient's number|0|0
2017-11-19 18:16:01|Request|0270327467|0|0270327467|2
2017-11-19 18:16:01|Request_reply|0270327467|Enter Amount|0|1
2017-11-19 18:16:11|Request|0270327467|0|1|3
2017-11-19 18:16:11|Request_reply|0270327467|1.To confirm 
2.Cancel|0|1
2017-11-19 18:16:15|Request|0270327467|0|1|4
2017-11-19 18:16:15|Request_reply|0270327467||0|
2017-11-19 18:17:15|Request|0270327467|0|1|4
2017-11-19 18:17:15|Request_reply|0270327467||0|
2017-11-19 18:17:31|Request|0270327467|0|0|4
2017-11-19 18:17:31|Request_reply|0270327467|Invalid Option Selected|0|0
2017-11-19 18:17:41|Request|0270327467|1|1|0
2017-11-19 18:17:41|Request_reply|0270327467|Welcome to Ashesimoney mobile services
1.Send Money
2.Pay bill
3. Exit|1|1
2017-11-19 18:17:48|Request|0270327467|1|1|1
2017-11-19 18:17:48|Request_reply|0270327467|Enter recepient's number|1|0
2017-11-19 18:18:04|Request|0270327467|1|0270327467|2
2017-11-19 18:18:04|Request_reply|0270327467|Enter Amount|1|1
2017-11-19 18:18:13|Request|0270327467|1|300|3
2017-11-19 18:18:13|Request_reply|0270327467|1.To confirm 
2.Cancel|1|1
2017-11-19 18:18:20|Request|0270327467|1|1|4
2017-11-19 18:18:20|Request_reply|0270327467||1|
2017-11-19 18:18:49|Request|233270327467|1|1|4
2017-11-19 18:18:49|Request_reply|233270327467||1|
2017-11-19 18:19:30|Request|233270327467|1|1|4
2017-11-19 18:19:30|Request_reply|233270327467||1|
2017-11-19 18:36:57|Request|233270327467|1|1|4
2017-11-19 18:36:57|Request_reply|233270327467||1|
2017-11-19 18:44:24|Request|233270327467|1|1|4
2017-11-19 18:44:24|Request_reply|233270327467||1|
2017-11-19 19:02:08|Request|233270327467|1|1|4
2017-11-19 19:02:08|Request_reply|233270327467||1|
2017-11-19 19:03:08|Request|233270327467|1|1|4
2017-11-19 19:03:08|Request_reply|233270327467||1|
2017-11-19 19:03:15|Request|233270327467|1|1|4
2017-11-19 19:03:15|Request_reply|233270327467||1|
2017-11-19 19:03:39|Request|233270327467|1|1|4
2017-11-19 19:03:39|Request_reply|233270327467||1|
2017-11-19 22:31:57|Request|233270327467|1|1|4
2017-11-19 22:31:57|Request_reply|233270327467||1|
2017-11-19 22:32:55|Request|233270327467|0|0|4
2017-11-19 22:32:55|Request_reply|233270327467|Invalid Option Selected|0|0
2017-11-19 22:33:05|Request|233270327467|1|1|0
2017-11-19 22:33:05|Request_reply|233270327467|Welcome to Ashesimoney mobile services
1.Send Money
2.Pay bill
3. Exit|1|1
2017-11-19 22:33:16|Request|233270327467|1||1
2017-11-19 22:33:16|Request_reply|233270327467|Invalid Option Selected|1|0
2017-11-19 22:33:24|Request|233270327467|1|1|0
2017-11-19 22:33:24|Request_reply|233270327467|Welcome to Ashesimoney mobile services
1.Send Money
2.Pay bill
3. Exit|1|1
2017-11-19 22:33:28|Request|233270327467|1|1|1
2017-11-19 22:33:28|Request_reply|233270327467|Enter recepient's number|1|0
2017-11-20 07:52:55|Request|233270327467|1|1|2
2017-11-20 07:52:55|Request_reply|233270327467|Invalid Option Selected|1|0
2017-11-20 07:55:06|Request|233270327467|1|1|0
2017-11-20 07:55:06|Request_reply|233270327467|Welcome to Ashesimoney mobile services
1.Send Money
2.Pay bill
3. Exit|1|1
2017-11-20 07:55:12|Request|233270327467|1|1|1
2017-11-20 07:55:12|Request_reply|233270327467|Enter recepient's number|1|0
2017-11-20 07:55:34|Request|233270327467|1|0270327467|2
2017-11-20 07:55:34|Request_reply|233270327467|Enter Amount|1|1
2017-11-20 13:40:58|Request|233270327467|1|200|3
2017-11-20 13:40:58|Request_reply|233270327467|1.To confirm 
2.Cancel|1|1
2017-11-20 13:42:37|Request|233270327467|1|1|4
2017-11-20 13:42:37|Request_reply|233270327467||1|
2017-11-20 13:46:57|Request||||0
2017-11-20 13:46:57|Request_reply||Welcome to Ashesimoney mobile services
1.Send Money
2.Pay bill
3. Exit||1
2017-11-20 13:48:40|Request||||0
2017-11-20 13:48:40|Request_reply||Welcome to Ashesimoney mobile services
1.Send Money
2.Pay bill
3. Exit||1
2017-11-20 13:48:42|Request||||0
2017-11-20 13:48:42|Request_reply||Welcome to Ashesimoney mobile services
1.Send Money
2.Pay bill
3. Exit||1
2017-11-20 14:15:49|Request|233270327467|1|1|4
2017-11-20 14:15:49|Request_reply|233270327467||1|
2017-11-20 14:16:09|Request|233270327467|1|0|4
2017-11-20 14:16:09|Request_reply|233270327467|Invalid Option Selected|1|0
2017-11-20 14:16:16|Request|233270327467|1|1|0
2017-11-20 14:16:16|Request_reply|233270327467|Welcome to Ashesimoney mobile services
1.Send Money
2.Pay bill
3. Exit|1|1
2017-11-20 14:16:29|Request|233270327467|0|0|1
2017-11-20 14:16:29|Request_reply|233270327467|Invalid Option Selected|0|0
2017-11-20 14:16:42|Request|233270327467|0|1|0
2017-11-20 14:16:42|Request_reply|233270327467|Welcome to Ashesimoney mobile services
1.Send Money
2.Pay bill
3. Exit|0|1
2017-11-20 14:33:18|Request|233270327467|0|1|1
2017-11-20 14:33:18|Request_reply|233270327467|Enter recepient's number|0|0
2017-11-20 15:30:50|Request|233270327467|0|1|2
2017-11-20 15:30:50|Request_reply|233270327467|Invalid Option Selected|0|0
2017-11-20 15:30:56|Request|233270327467|0|0|0
2017-11-20 15:30:56|Request_reply|233270327467|Welcome to Ashesimoney mobile services
1.Send Money
2.Pay bill
3. Exit|0|1
2017-11-20 15:31:03|Request|233270327467|0|1|1
2017-11-20 15:31:03|Request_reply|233270327467|Enter recepient's number|0|0
2017-11-20 15:32:11|Request|233270327467|0|0|2
2017-11-20 15:32:11|Request_reply|233270327467|Invalid Option Selected|0|0
2017-11-20 15:32:20|Request|233270327467|1|1|0
2017-11-20 15:32:20|Request_reply|233270327467|Welcome to Ashesimoney mobile services
1.Send Money
2.Pay bill
3. Exit|1|1
2017-11-20 15:32:29|Request|233270327467|1|1|1
2017-11-20 15:32:29|Request_reply|233270327467|Enter recepient's number|1|0
2017-11-20 15:32:49|Request|233270327467|1|0270327467|2
2017-11-20 15:32:49|Request_reply|233270327467|Enter Amount|1|1
2017-11-20 15:32:59|Request|233270327467|1|10|3
2017-11-20 15:32:59|Request_reply|233270327467|1.To confirm 
2.Cancel|1|1
2017-11-20 15:33:04|Request|233270327467|1|1|4
2017-11-20 15:33:04|Request_reply|233270327467||1|
2017-11-20 16:16:38|Request|233270327467|0|0|4
2017-11-20 16:16:38|Request_reply|233270327467|Invalid Option Selected|0|0
2017-11-20 16:16:51|Request|233270327467|1|1|0
2017-11-20 16:16:51|Request_reply|233270327467|Welcome to Ashesimoney mobile services
1.Send Money
2.Pay bill
3. Exit|1|1
2017-11-20 16:17:01|Request|233270327467|1|1|1
2017-11-20 16:17:01|Request_reply|233270327467|Enter recepient's number|1|0
2017-11-20 16:17:19|Request|233270327467|1|027327467|2
2017-11-20 16:17:19|Request_reply|233270327467|Invalid Option Selected|1|0
2017-11-20 16:17:30|Request|233270327467|1|0273274670|0
2017-11-20 16:17:30|Request_reply|233270327467|Welcome to Ashesimoney mobile services
1.Send Money
2.Pay bill
3. Exit|1|1
2017-11-20 16:17:41|Request|233270327467|1|1|1
2017-11-20 16:17:41|Request_reply|233270327467|Enter recepient's number|1|0
2017-11-20 16:18:35|Request|233270327467|1|0503896033|2
2017-11-20 16:18:35|Request_reply|233270327467|Enter Amount|1|1
2017-11-20 16:18:43|Request|233270327467|1|1503896033|3
2017-11-20 16:18:43|Request_reply|233270327467|1.To confirm 
2.Cancel|1|1
2017-11-20 16:18:53|Request|233270327467|1|2503896033|4
2017-11-20 16:18:53|Request_reply|233270327467|Invalid Option Selected|1|0
2017-11-20 16:20:41|Request|233270327467|1|1|0
2017-11-20 16:20:41|Request_reply|233270327467|Welcome to Ashesimoney mobile services
1.Send Money
2.Pay bill
3. Exit|1|1
2017-11-20 16:20:45|Request|233270327467|1|1|1
2017-11-20 16:20:45|Request_reply|233270327467|Enter recepient's number|1|0
2017-11-20 16:21:03|Request|233270327467|1|0503896033|2
2017-11-20 16:21:03|Request_reply|233270327467|Enter Amount|1|1
2017-11-20 16:22:09|Request|233270327467|1|0|3
2017-11-20 16:22:09|Request_reply|233270327467|1.To confirm 
2.Cancel|1|1
2017-11-20 16:22:16|Request|233270327467|1|1|4
2017-11-20 16:22:16|Request_reply|233270327467||1|
2017-11-20 16:40:24|Request|233270327467|0|0|4
2017-11-20 16:40:24|Request_reply|233270327467|Invalid Option Selected|0|0
2017-11-20 16:40:32|Request|233270327467|0|1|0
2017-11-20 16:40:32|Request_reply|233270327467|Welcome to Ashesimoney mobile services
1.Send Money
2.Pay bill
3. Exit|0|1
2017-11-20 16:40:38|Request|233270327467|1|1|1
2017-11-20 16:40:38|Request_reply|233270327467|Enter recepient's number|1|0
2017-11-20 16:40:43|Request|233270327467|1|1|2
2017-11-20 16:40:43|Request_reply|233270327467|Invalid Option Selected|1|0
2017-11-20 16:41:02|Request|233270327467|0|0|0
2017-11-20 16:41:02|Request_reply|233270327467|Welcome to Ashesimoney mobile services
1.Send Money
2.Pay bill
3. Exit|0|1
2017-11-20 16:41:16|Request|233270327467|1|1|1
2017-11-20 16:41:16|Request_reply|233270327467|Enter recepient's number|1|0
2017-11-20 16:41:58|Request|233270327467|1|0|2
2017-11-20 16:41:58|Request_reply|233270327467|Invalid Option Selected|1|0
2017-11-20 16:42:07|Request|233270327467|0|0|0
2017-11-20 16:42:07|Request_reply|233270327467|Welcome to Ashesimoney mobile services
1.Send Money
2.Pay bill
3. Exit|0|1
2017-11-20 16:42:14|Request|233270327467|0|1|1
2017-11-20 16:42:14|Request_reply|233270327467|Enter recepient's number|0|0
2017-11-20 16:42:30|Request|233270327467|0|0503896033|2
2017-11-20 16:42:30|Request_reply|233270327467|Enter Amount|0|1
2017-11-20 16:42:42|Request|233270327467|0|2|3
2017-11-20 16:42:42|Request_reply|233270327467|1.To confirm 
2.Cancel|0|1
2017-11-20 16:42:53|Request|233270327467|0|1|4
2017-11-20 16:42:53|Request_reply|233270327467||0|
2017-11-20 16:45:00|Request|233270327467|0|0|4
2017-11-20 16:45:00|Request_reply|233270327467|Invalid Option Selected|0|0
2017-11-20 16:45:02|Request|233270327467|0|0|0
2017-11-20 16:45:02|Request_reply|233270327467|Welcome to Ashesimoney mobile services
1.Send Money
2.Pay bill
3. Exit|0|1
2017-11-20 16:45:08|Request|233270327467|0|1|1
2017-11-20 16:45:08|Request_reply|233270327467|Enter recepient's number|0|0
2017-11-20 16:45:16|Request|233270327467|0|0540677674|2
2017-11-20 16:45:16|Request_reply|233270327467|Enter Amount|0|1
2017-11-20 16:45:45|Request|233270327467|0|10|3
2017-11-20 16:45:45|Request_reply|233270327467|1.To confirm 
2.Cancel|0|1
2017-11-20 16:45:59|Request|233270327467|0|1|4
2017-11-20 16:45:59|Request_reply|233270327467||0|
2017-11-20 17:15:57|Request|233270327467|0|0|4
2017-11-20 17:15:57|Request_reply|233270327467|Invalid Option Selected|0|0
2017-11-20 17:16:04|Request|233270327467|0|1|0
2017-11-20 17:16:04|Request_reply|233270327467|Welcome to Ashesimoney mobile services
1.Send Money
2.Pay bill
3. Exit|0|1
2017-11-20 17:16:07|Request|233270327467|0|1|1
2017-11-20 17:16:07|Request_reply|233270327467|Enter recepient's number|0|0
2017-11-20 17:16:17|Request|233270327467|0|0503896033|2
2017-11-20 17:16:17|Request_reply|233270327467|Enter Amount|0|1
2017-11-20 17:16:22|Request|233270327467|0|0503896033|3
2017-11-20 17:16:22|Request_reply|233270327467|1.To confirm 
2.Cancel|0|1
2017-11-20 17:16:30|Request|233270327467|0|1|4
2017-11-20 17:16:30|Request_reply|233270327467||0|
2017-11-20 17:21:59|Request|233270327467|0|0|4
2017-11-20 17:21:59|Request_reply|233270327467|Invalid Option Selected|0|0
2017-11-20 17:22:05|Request|233270327467|0|1|0
2017-11-20 17:22:05|Request_reply|233270327467|Welcome to Ashesimoney mobile services
1.Send Money
2.Pay bill
3. Exit|0|1
2017-11-20 17:22:09|Request|233270327467|0|1|1
2017-11-20 17:22:09|Request_reply|233270327467|Enter recepient's number|0|0
2017-11-20 17:22:18|Request|233270327467|0|0503896033|2
2017-11-20 17:22:18|Request_reply|233270327467|Enter Amount|0|1
2017-11-20 17:22:26|Request|233270327467|0|1|3
2017-11-20 17:22:26|Request_reply|233270327467|1.To confirm 
2.Cancel|0|1
2017-11-20 17:22:33|Request|233270327467|0|1|4
2017-11-20 17:22:33|Request_reply|233270327467||0|
2017-11-20 17:25:27|Request|233270327467|0|0|4
2017-11-20 17:25:27|Request_reply|233270327467|Invalid Option Selected|0|0
2017-11-20 17:25:34|Request|233270327467|0|1|0
2017-11-20 17:25:34|Request_reply|233270327467|Welcome to Ashesimoney mobile services
1.Send Money
2.Pay bill
3. Exit|0|1
2017-11-20 17:25:49|Request|233270327467|0|1|1
2017-11-20 17:25:49|Request_reply|233270327467|Enter recepient's number|0|0
2017-11-20 17:26:05|Request|233270327467|0|0503896033|2
2017-11-20 17:26:05|Request_reply|233270327467|Enter Amount|0|1
2017-11-20 17:26:13|Request|233270327467|0|10|3
2017-11-20 17:26:13|Request_reply|233270327467|1.To confirm 
2.Cancel|0|1
2017-11-20 17:26:18|Request|233270327467|0|1|4
2017-11-20 17:26:18|Request_reply|233270327467||0|
2017-11-20 17:28:41|Request|233270327467|0|1|4
2017-11-20 17:28:41|Request_reply|233270327467||0|
2017-11-20 17:28:59|Request|233270327467|0|0|4
2017-11-20 17:28:59|Request_reply|233270327467|Invalid Option Selected|0|0
2017-11-20 17:29:04|Request|233270327467|0|1|0
2017-11-20 17:29:04|Request_reply|233270327467|Welcome to Ashesimoney mobile services
1.Send Money
2.Pay bill
3. Exit|0|1
2017-11-20 17:29:07|Request|233270327467|0|1|1
2017-11-20 17:29:07|Request_reply|233270327467|Enter recepient's number|0|0
2017-11-20 17:29:15|Request|233270327467|0|0503896033|2
2017-11-20 17:29:15|Request_reply|233270327467|Enter Amount|0|1
2017-11-20 17:29:19|Request|233270327467|0|0503896033|3
2017-11-20 17:29:19|Request_reply|233270327467|1.To confirm 
2.Cancel|0|1
2017-11-20 17:29:34|Request|233270327467|0|1|4
2017-11-20 17:29:34|Request_reply|233270327467||0|
2017-11-20 17:32:41|Request|233270327467|0|1|4
2017-11-20 17:32:41|Request_reply|233270327467||0|
2017-11-20 17:33:03|Request|233270327467|0|1|4
2017-11-20 17:33:07|Request|233270327467|0|0|4
2017-11-20 17:33:07|Request_reply|233270327467|Invalid Option Selected|0|0
2017-11-20 17:33:03|Request_reply|233270327467||0|
2017-11-20 17:33:13|Request|233270327467|0|1|0
2017-11-20 17:33:13|Request_reply|233270327467|Welcome to Ashesimoney mobile services
1.Send Money
2.Pay bill
3. Exit|0|1
2017-11-20 17:33:17|Request|233270327467|0|1|1
2017-11-20 17:33:17|Request_reply|233270327467|Enter recepient's number|0|0
2017-11-20 17:33:26|Request|233270327467|0|0503896033|2
2017-11-20 17:33:26|Request_reply|233270327467|Enter Amount|0|1
2017-11-20 17:33:29|Request|233270327467|0|0503896033|3
2017-11-20 17:33:29|Request_reply|233270327467|1.To confirm 
2.Cancel|0|1
2017-11-20 17:33:34|Request|233270327467|0|1|4
2017-11-20 17:33:34|Request_reply|233270327467||0|
2017-11-20 17:37:44|Request|233270327467|0|1|4
2017-11-20 17:37:44|Request_reply|233270327467||0|
2017-11-20 17:38:07|Request|233270327467|0|0|4
2017-11-20 17:38:07|Request_reply|233270327467|Invalid Option Selected|0|0
2017-11-20 17:38:14|Request|233270327467|0|1|0
2017-11-20 17:38:14|Request_reply|233270327467|Welcome to Ashesimoney mobile services
1.Send Money
2.Pay bill
3. Exit|0|1
2017-11-20 17:38:19|Request|233270327467|0|1|1
2017-11-20 17:38:19|Request_reply|233270327467|Enter recepient's number|0|0
2017-11-20 17:38:29|Request|233270327467|0|0503896033|2
2017-11-20 17:38:29|Request_reply|233270327467|Enter Amount|0|1
2017-11-20 17:38:33|Request|233270327467|0|0503896033|3
2017-11-20 17:38:33|Request_reply|233270327467|1.To confirm 
2.Cancel|0|1
2017-11-20 17:38:40|Request|233270327467|0|1|4
2017-11-20 17:40:07|Request|233270327467|0|1|4
2017-11-20 17:40:50|Request|233270327467|0|1|4
2017-11-20 17:41:14|Request|233270327467|1|1|4
2017-11-20 17:42:02|Request|233270327467|0|0|4
2017-11-20 17:42:02|Request_reply|233270327467|Invalid Option Selected|0|0
2017-11-20 17:42:13|Request|233270327467|1|1|0
2017-11-20 17:42:13|Request_reply|233270327467|Welcome to Ashesimoney mobile services
1.Send Money
2.Pay bill
3. Exit|1|1
2017-11-20 17:42:18|Request|233270327467|1|1|1
2017-11-20 17:42:18|Request_reply|233270327467|Enter recepient's number|1|0
2017-11-20 17:42:28|Request|233270327467|1|0503896033|2
2017-11-20 17:42:28|Request_reply|233270327467|Enter Amount|1|1
2017-11-20 17:42:31|Request|233270327467|1|0503896033|3
2017-11-20 17:42:31|Request_reply|233270327467|1.To confirm 
2.Cancel|1|1
2017-11-20 17:42:38|Request|233270327467|1|1|4
2017-11-20 17:45:33|Request|233270327467|0|0|4
2017-11-20 17:45:33|Request_reply|233270327467|Invalid Option Selected|0|0
2017-11-20 17:45:41|Request|233270327467|0|1|0
2017-11-20 17:45:41|Request_reply|233270327467|Welcome to Ashesimoney mobile services
1.Send Money
2.Pay bill
3. Exit|0|1
2017-11-20 17:45:45|Request|233270327467|0|1|1
2017-11-20 17:45:45|Request_reply|233270327467|Enter recepient's number|0|0
2017-11-20 17:46:00|Request|233270327467|0|0567888888|2
2017-11-20 17:46:00|Request_reply|233270327467|Enter Amount|0|1
2017-11-20 17:46:03|Request|233270327467|0|0567888888|3
2017-11-20 17:46:03|Request_reply|233270327467|1.To confirm 
2.Cancel|0|1
2017-11-20 17:46:09|Request|233270327467||2sessionID=0|4
2017-11-20 17:46:09|Request_reply|233270327467|Invalid Option Selected||0
2017-11-20 17:47:03|Request|233270327467|0|2|0
2017-11-20 17:47:03|Request_reply|233270327467|Welcome to Ashesimoney mobile services
1.Send Money
2.Pay bill
3. Exit|0|1
2017-11-20 17:47:16|Request|233270327467|0|1|1
2017-11-20 17:47:16|Request_reply|233270327467|Enter recepient's number|0|0
2017-11-20 17:47:27|Request|233270327467|0|0504888888|2
2017-11-20 17:47:27|Request_reply|233270327467|Enter Amount|0|1
2017-11-20 17:47:29|Request|233270327467|0|0504888888|3
2017-11-20 17:47:29|Request_reply|233270327467|1.To confirm 
2.Cancel|0|1
2017-11-20 17:47:38|Request|233270327467|0|2|4
2017-11-20 17:47:38|Request_reply|233270327467|Thank you for accessing Ashesimoney mobile money services|0|0
2017-11-20 17:47:51|Request|233270327467|0|1|0
2017-11-20 17:47:51|Request_reply|233270327467|Welcome to Ashesimoney mobile services
1.Send Money
2.Pay bill
3. Exit|0|1
2017-11-20 17:47:57|Request|233270327467|0|1|1
2017-11-20 17:47:57|Request_reply|233270327467|Enter recepient's number|0|0
2017-11-20 17:48:10|Request|233270327467|0|050396033|2
2017-11-20 17:48:10|Request_reply|233270327467|Invalid Option Selected|0|0
2017-11-20 17:48:19|Request|233270327467|0|1|0
2017-11-20 17:48:19|Request_reply|233270327467|Welcome to Ashesimoney mobile services
1.Send Money
2.Pay bill
3. Exit|0|1
2017-11-20 17:48:21|Request|233270327467|0|1|1
2017-11-20 17:48:21|Request_reply|233270327467|Enter recepient's number|0|0
2017-11-20 17:48:30|Request|233270327467|0|0503896033|2
2017-11-20 17:48:30|Request_reply|233270327467|Enter Amount|0|1
2017-11-20 17:48:33|Request|233270327467|0|0503896033|3
2017-11-20 17:48:33|Request_reply|233270327467|1.To confirm 
2.Cancel|0|1
2017-11-20 17:48:38|Request|233270327467|0|1|4
2017-11-20 17:50:44|Request|233270327467|0|1|4
2017-11-20 17:50:50|Request|233270327467|0|0|4
2017-11-20 17:50:50|Request_reply|233270327467|Invalid Option Selected|0|0
2017-11-20 17:50:55|Request|233270327467|0|1|0
2017-11-20 17:50:55|Request_reply|233270327467|Welcome to Ashesimoney mobile services
1.Send Money
2.Pay bill
3. Exit|0|1
2017-11-20 17:50:57|Request|233270327467|0|1|1
2017-11-20 17:50:57|Request_reply|233270327467|Enter recepient's number|0|0
2017-11-20 17:51:07|Request|233270327467|0|0503896033|2
2017-11-20 17:51:07|Request_reply|233270327467|Enter Amount|0|1
2017-11-20 17:51:09|Request|233270327467|0|0503896033|3
2017-11-20 17:51:09|Request_reply|233270327467|1.To confirm 
2.Cancel|0|1
2017-11-20 17:51:15|Request|233270327467|0|2|4
2017-11-20 17:51:15|Request_reply|233270327467|Thank you for accessing Ashesimoney mobile money services|0|0
2017-11-20 17:52:31|Request|233270327467|0|1|0
2017-11-20 17:52:31|Request_reply|233270327467|Welcome to Ashesimoney mobile services
1.Send Money
2.Pay bill
3. Exit|0|1
2017-11-20 17:52:42|Request|233270327467|0|1|1
2017-11-20 17:52:42|Request_reply|233270327467|Enter recepient's number|0|0
2017-11-20 17:52:54|Request|233270327467|0|0503896033|2
2017-11-20 17:52:54|Request_reply|233270327467|Enter Amount|0|1
2017-11-20 17:52:56|Request|233270327467|0|0503896033|3
2017-11-20 17:52:56|Request_reply|233270327467|1.To confirm 
2.Cancel|0|1
2017-11-20 17:53:03|Request|233270327467|0|1|4
2017-11-20 17:57:47|Request|233270327467|0|1|4
2017-11-20 17:57:52|Request|233270327467|0|0|4
2017-11-20 17:57:52|Request_reply|233270327467|Invalid Option Selected|0|0
2017-11-20 17:57:58|Request|233270327467|0|1|0
2017-11-20 17:57:58|Request_reply|233270327467|Welcome to Ashesimoney mobile services
1.Send Money
2.Pay bill
3. Exit|0|1
2017-11-20 17:58:00|Request|233270327467|0|1|1
2017-11-20 17:58:00|Request_reply|233270327467|Enter recepient's number|0|0
2017-11-20 17:58:09|Request|233270327467|0|0503896033|2
2017-11-20 17:58:09|Request_reply|233270327467|Enter Amount|0|1
2017-11-20 17:58:19|Request|233270327467|0|2|3
2017-11-20 17:58:19|Request_reply|233270327467|1.To confirm 
2.Cancel|0|1
2017-11-20 17:58:25|Request|233270327467|0|1|4
2017-11-20 18:15:18|Request|233270327467|0|1|4
2017-11-20 18:15:18|Request_reply|233270327467||0|
2017-11-20 20:19:24|Request|233270327467|0|1|4
2017-11-20 20:19:24|Request_reply|233270327467|Send
1. Confirm
2. Cancel|Session Count: 4|1
2017-11-20 20:19:38|Request|233270327467|0|0|4
2017-11-20 20:19:38|Request_reply|233270327467|Invalid Option Selected|Session Count: 4|0
2017-11-20 20:19:44|Request|233270327467|0|1|0
2017-11-20 20:19:44|Request_reply|233270327467|Welcome to Ashesi Money mobile services
1. Send Money
2. Pay Bill
3. Exit|Session Count: 0|1
2017-11-20 20:19:52|Request|233270327467|0|1|1
2017-11-20 20:19:52|Request_reply|233270327467|Send Money
1. Mobile Money User
2. Non Mobile Money User
3 Exit|Session Count: 1|1
2017-11-20 20:19:58|Request|233270327467|0|1|2
2017-11-20 20:19:58|Request_reply|233270327467|Mobile Money User
Enter Number|Session Count: 2|1
2017-11-20 20:20:14|Request|233270327467|0|0503896033|2
2017-11-20 20:20:14|Request_reply|233270327467|Invalid Option Selected|Session Count: 2|0
2017-11-20 20:20:31|Request|233270327467|0|1|0
2017-11-20 20:20:31|Request_reply|233270327467|Welcome to Ashesi Money mobile services
1. Send Money
2. Pay Bill
3. Exit|Session Count: 0|1
2017-11-20 20:20:35|Request|233270327467|0|1|1
2017-11-20 20:20:35|Request_reply|233270327467|Send Money
1. Mobile Money User
2. Non Mobile Money User
3 Exit|Session Count: 1|1
2017-11-20 20:20:38|Request|233270327467|0|1|2
2017-11-20 20:20:38|Request_reply|233270327467|Mobile Money User
Enter Number|Session Count: 2|1
2017-11-20 20:20:51|Request|233270327467|0|1|2
2017-11-20 20:20:51|Request_reply|233270327467|Mobile Money User
Enter Number|Session Count: 2|1
2017-11-20 20:20:59|Request|233270327467|0|0678|2
2017-11-20 20:20:59|Request_reply|233270327467|Invalid Option Selected|Session Count: 2|0
2017-11-20 20:23:02|Request|233270327467|0|0678|0
2017-11-20 20:23:02|Request_reply|233270327467|Welcome to Ashesi Money mobile services
1. Send Money
2. Pay Bill
3. Exit|Session Count: 0|1
2017-11-20 20:23:11|Request|233270327467|0|0|1
2017-11-20 20:23:11|Request_reply|233270327467|Invalid Option Selected|Session Count: 1|0
2017-11-20 20:23:14|Request|233270327467|0|0|0
2017-11-20 20:23:14|Request_reply|233270327467|Welcome to Ashesi Money mobile services
1. Send Money
2. Pay Bill
3. Exit|Session Count: 0|1
2017-11-20 20:23:21|Request|233270327467|0|1|1
2017-11-20 20:23:21|Request_reply|233270327467|Send Money
1. Mobile Money User
2. Non Mobile Money User
3 Exit|Session Count: 1|1
2017-11-20 20:23:27|Request|233270327467|0|1|2
2017-11-20 20:23:27|Request_reply|233270327467|Mobile Money User
Enter Number|Session Count: 2|1
2017-11-20 20:23:40|Request|233270327467|0|0540677674|2
2017-11-20 20:23:40|Request_reply|233270327467|Invalid Option Selected|Session Count: 2|0
2017-11-20 20:25:32|Request|233270327467|0|0540677674|0
2017-11-20 20:25:32|Request_reply|233270327467|Welcome to Ashesi Money mobile services
1. Send Money
2. Pay Bill
3. Exit|Session Count: 0|1
2017-11-20 20:25:43|Request|233270327467|0|1|1
2017-11-20 20:25:43|Request_reply|233270327467|Send Money
1. Mobile Money User
2. Non Mobile Money User
3 Exit|Session Count: 1|1
2017-11-20 20:25:46|Request|233270327467|0|1|2
2017-11-20 20:25:46|Request_reply|233270327467|Mobile Money User
Enter Number|Session Count: 2|1
2017-11-20 20:25:57|Request|233270327467|0|0503896033|2
2017-11-20 20:25:57|Request_reply|233270327467|Invalid Option Selected|Session Count: 2|0
2017-11-20 20:29:02|Request|233270327467|0|0503896033|0
2017-11-20 20:29:02|Request_reply|233270327467|Welcome to Ashesi Money mobile services
1. Send Money
2. Pay Bill
3. Exit|Session Count: 0|1
2017-11-20 20:29:04|Request|233270327467|0|0503896033|1
2017-11-20 20:29:04|Request_reply|233270327467|Invalid Option Selected|Session Count: 1|0
2017-11-20 20:29:07|Request|233270327467|0|0503896033|0
2017-11-20 20:29:07|Request_reply|233270327467|Welcome to Ashesi Money mobile services
1. Send Money
2. Pay Bill
3. Exit|Session Count: 0|1
2017-11-20 20:29:15|Request|233270327467|0|1|1
2017-11-20 20:29:15|Request_reply|233270327467|Send Money
1. Mobile Money User
2. Non Mobile Money User
3 Exit|Session Count: 1|1
2017-11-20 20:29:18|Request|233270327467|0|1|2
2017-11-20 20:29:18|Request_reply|233270327467|Mobile Money User
Enter Number|Session Count: 2|1
2017-11-20 20:29:34|Request|233270327467|0|0503896033|2
2017-11-20 20:29:34|Request_reply|233270327467|Invalid Option Selected|Session Count: 2|0
2017-11-20 20:35:15|Request|233270327467|0|0503896033|0
2017-11-20 20:35:15|Request_reply|233270327467|Welcome to Ashesi Money mobile services
1. Send Money
2. Pay Bill
3. Exit|Session Count: 0|1
2017-11-20 20:35:24|Request|233270327467|0|1|1
2017-11-20 20:35:24|Request_reply|233270327467|Send Money
1. Mobile Money User
2. Non Mobile Money User
3 Exit|Session Count: 1|1
2017-11-20 20:35:27|Request|233270327467|0|1|2
2017-11-20 20:35:27|Request_reply|233270327467|Mobile Money User
Enter Number|Session Count: 2|1
2017-11-20 20:36:00|Request|233270327467|0|2222|2
2017-11-20 20:36:00|Request_reply|233270327467|Invalid Option Selected|Session Count: 2|0
2017-11-20 20:36:50|Request|233270327467|0|2222|0
2017-11-20 20:36:50|Request_reply|233270327467|Welcome to Ashesimoney mobile services
1.Send Money
2.Pay bill
3. Exit|0|1
2017-11-20 20:37:02|Request|233270327467|0|1|1
2017-11-20 20:37:02|Request_reply|233270327467|Enter recepient's number|0|0
2017-11-20 20:37:13|Request|233270327467|0|0503896033|2
2017-11-20 20:37:13|Request_reply|233270327467|Enter Amount|0|1
2017-11-20 20:37:19|Request|233270327467|0|0503896033|3
2017-11-20 20:37:19|Request_reply|233270327467|1.To confirm 
2.Cancel|0|1
2017-11-20 20:37:27|Request|233270327467|0|1|4
2017-11-20 20:37:27|Request_reply|233270327467||0|
2017-11-20 20:40:06|Request|233270327467|0|1|4
2017-11-20 20:40:06|Request_reply|233270327467||0|
2017-11-20 20:40:29|Request|233270327467|1|1|4
2017-11-20 20:40:29|Request_reply|233270327467||1|
2017-11-20 20:50:02|Request|233270327467|1|1|4
2017-11-20 20:50:46|Request|233270327467|1|1|4
2017-11-20 20:50:46|Request_reply|233270327467|Thank you for accessing Ashesimoney mobile money services|1|0
2017-11-20 20:52:03|Request|233270327467|1|1|4
2017-11-20 20:52:03|Request_reply|233270327467|Thank you for accessing Ashesimoney mobile money services|1|0
2017-11-20 20:53:19|Request|233270327467|1|1|4
2017-11-20 20:53:19|Request_reply|233270327467|Thank you for accessing Ashesimoney mobile money services|1|0
2017-11-20 20:54:14|Request|233270327467|1|1|4
2017-11-20 20:54:14|Request_reply|233270327467|Thank you for accessing Ashesimoney mobile money services|1|0
2017-11-20 20:55:40|Request|233270327467|1|1|4
2017-11-20 20:55:40|Request_reply|233270327467|Thank you for accessing Ashesimoney mobile money services|1|0
2017-11-20 20:57:01|Request|233270327467|1|1|4
2017-11-20 20:57:01|Request_reply|233270327467|Thank you for accessing Ashesimoney mobile money services|1|0
